0 info it worked if it ends with ok
1 verbose cli [ '/usr/local/Cellar/node/7.2.0/bin/node',
1 verbose cli   '/usr/local/bin/npm',
1 verbose cli   'run',
1 verbose cli   'package-mac' ]
2 info using npm@3.10.9
3 info using node@v7.2.0
4 verbose run-script [ 'prepackage-mac', 'package-mac', 'postpackage-mac' ]
5 info lifecycle invoice-center@1.0.0~prepackage-mac: invoice-center@1.0.0
6 silly lifecycle invoice-center@1.0.0~prepackage-mac: no script for prepackage-mac, continuing
7 info lifecycle invoice-center@1.0.0~package-mac: invoice-center@1.0.0
8 verbose lifecycle invoice-center@1.0.0~package-mac: unsafe-perm in lifecycle true
9 verbose lifecycle invoice-center@1.0.0~package-mac: PATH: /usr/local/lib/node_modules/npm/bin/node-gyp-bin:/Users/Arjun/Documents/Electron Apps/billing-app-electron-react/node_modules/.bin:/usr/local/Cellar/node/7.2.0/bin:/Library/Frameworks/Python.framework/Versions/3.5/bin:/Users/Arjun/.rvm/gems/ruby-2.4.1/bin:/Users/Arjun/.rvm/gems/ruby-2.4.1@global/bin:/Users/Arjun/.rvm/rubies/ruby-2.4.1/bin:/usr/local/bin:/usr/bin:/bin:/usr/sbin:/sbin:/opt/X11/bin:/Library/Frameworks/Mono.framework/Versions/Current/Commands:/Users/Arjun/.rvm/bin
10 verbose lifecycle invoice-center@1.0.0~package-mac: CWD: /Users/Arjun/Documents/Electron Apps/billing-app-electron-react
11 silly lifecycle invoice-center@1.0.0~package-mac: Args: [ '-c',
11 silly lifecycle   'electron-packager . --overwrite --platform=darwin --arch=x64 --icon=./img/mac/icon.icns --prune=true --out=release-builds' ]
12 silly lifecycle invoice-center@1.0.0~package-mac: Returned: code: 1  signal: null
13 info lifecycle invoice-center@1.0.0~package-mac: Failed to exec package-mac script
14 verbose stack Error: invoice-center@1.0.0 package-mac: `electron-packager . --overwrite --platform=darwin --arch=x64 --icon=./img/mac/icon.icns --prune=true --out=release-builds`
14 verbose stack Exit status 1
14 verbose stack     at EventEmitter.<anonymous> (/usr/local/lib/node_modules/npm/lib/utils/lifecycle.js:255:16)
14 verbose stack     at emitTwo (events.js:106:13)
14 verbose stack     at EventEmitter.emit (events.js:191:7)
14 verbose stack     at ChildProcess.<anonymous> (/usr/local/lib/node_modules/npm/lib/utils/spawn.js:40:14)
14 verbose stack     at emitTwo (events.js:106:13)
14 verbose stack     at ChildProcess.emit (events.js:191:7)
14 verbose stack     at maybeClose (internal/child_process.js:885:16)
14 verbose stack     at Process.ChildProcess._handle.onexit (internal/child_process.js:226:5)
15 verbose pkgid invoice-center@1.0.0
16 verbose cwd /Users/Arjun/Documents/Electron Apps/billing-app-electron-react
17 error Darwin 16.7.0
18 error argv "/usr/local/Cellar/node/7.2.0/bin/node" "/usr/local/bin/npm" "run" "package-mac"
19 error node v7.2.0
20 error npm  v3.10.9
21 error code ELIFECYCLE
22 error invoice-center@1.0.0 package-mac: `electron-packager . --overwrite --platform=darwin --arch=x64 --icon=./img/mac/icon.icns --prune=true --out=release-builds`
22 error Exit status 1
23 error Failed at the invoice-center@1.0.0 package-mac script 'electron-packager . --overwrite --platform=darwin --arch=x64 --icon=./img/mac/icon.icns --prune=true --out=release-builds'.
23 error Make sure you have the latest version of node.js and npm installed.
23 error If you do, this is most likely a problem with the invoice-center package,
23 error not with npm itself.
23 error Tell the author that this fails on your system:
23 error     electron-packager . --overwrite --platform=darwin --arch=x64 --icon=./img/mac/icon.icns --prune=true --out=release-builds
23 error You can get information on how to open an issue for this project with:
23 error     npm bugs invoice-center
23 error Or if that isn't available, you can get their info via:
23 error     npm owner ls invoice-center
23 error There is likely additional logging output above.
24 verbose exit [ 1, true ]
